<?xml version="1.0" encoding="UTF-8"?>
<!-- Generated by org.testng.reporters.JUnitXMLReporter -->
<testsuite ignored="0" hostname="AAPUs-MacBook-Air.local" failures="10" tests="10" name="FirefoxTest" time="0.85" errors="0" timestamp="2025-10-02T13:32:02 EDT">
  <testcase classname="io.cucumber.testng.AbstractTestNGCucumberTests" name="runScenario" time="0.236">
    <failure type="java.lang.RuntimeException" message="browser not specified in the testng.xml">
      <![CDATA[java.lang.RuntimeException: browser not specified in the testng.xml
at utilities.ConfigReader.getBrowserType(ConfigReader.java:43)
at hooks.Hooks.setUp(Hooks.java:19)
]]>
    </failure>
  </testcase> <!-- runScenario -->
  <testcase classname="io.cucumber.testng.AbstractTestNGCucumberTests" name="runScenario" time="0.236">
    <failure type="java.lang.RuntimeException" message="browser not specified in the testng.xml">
      <![CDATA[java.lang.RuntimeException: browser not specified in the testng.xml
at utilities.ConfigReader.getBrowserType(ConfigReader.java:43)
at hooks.Hooks.setUp(Hooks.java:19)
]]>
    </failure>
  </testcase> <!-- runScenario -->
  <testcase classname="io.cucumber.testng.AbstractTestNGCucumberTests" name="runScenario" time="0.244">
    <failure type="java.lang.RuntimeException" message="browser not specified in the testng.xml">
      <![CDATA[java.lang.RuntimeException: browser not specified in the testng.xml
at utilities.ConfigReader.getBrowserType(ConfigReader.java:43)
at hooks.Hooks.setUp(Hooks.java:19)
]]>
    </failure>
  </testcase> <!-- runScenario -->
  <testcase classname="io.cucumber.testng.AbstractTestNGCucumberTests" name="runScenario" time="0.238">
    <failure type="java.lang.RuntimeException" message="browser not specified in the testng.xml">
      <![CDATA[java.lang.RuntimeException: browser not specified in the testng.xml
at utilities.ConfigReader.getBrowserType(ConfigReader.java:43)
at hooks.Hooks.setUp(Hooks.java:19)
]]>
    </failure>
  </testcase> <!-- runScenario -->
  <testcase classname="io.cucumber.testng.AbstractTestNGCucumberTests" name="runScenario" time="0.245">
    <failure type="java.lang.RuntimeException" message="browser not specified in the testng.xml">
      <![CDATA[java.lang.RuntimeException: browser not specified in the testng.xml
at utilities.ConfigReader.getBrowserType(ConfigReader.java:43)
at hooks.Hooks.setUp(Hooks.java:19)
]]>
    </failure>
  </testcase> <!-- runScenario -->
  <testcase classname="io.cucumber.testng.AbstractTestNGCucumberTests" name="runScenario" time="0.248">
    <failure type="java.lang.RuntimeException" message="browser not specified in the testng.xml">
      <![CDATA[java.lang.RuntimeException: browser not specified in the testng.xml
at utilities.ConfigReader.getBrowserType(ConfigReader.java:43)
at hooks.Hooks.setUp(Hooks.java:19)
]]>
    </failure>
  </testcase> <!-- runScenario -->
  <testcase classname="io.cucumber.testng.AbstractTestNGCucumberTests" name="runScenario" time="0.244">
    <failure type="java.lang.RuntimeException" message="browser not specified in the testng.xml">
      <![CDATA[java.lang.RuntimeException: browser not specified in the testng.xml
at utilities.ConfigReader.getBrowserType(ConfigReader.java:43)
at hooks.Hooks.setUp(Hooks.java:19)
]]>
    </failure>
  </testcase> <!-- runScenario -->
  <testcase classname="io.cucumber.testng.AbstractTestNGCucumberTests" name="runScenario" time="0.245">
    <failure type="java.lang.RuntimeException" message="browser not specified in the testng.xml">
      <![CDATA[java.lang.RuntimeException: browser not specified in the testng.xml
at utilities.ConfigReader.getBrowserType(ConfigReader.java:43)
at hooks.Hooks.setUp(Hooks.java:19)
]]>
    </failure>
  </testcase> <!-- runScenario -->
  <testcase classname="io.cucumber.testng.AbstractTestNGCucumberTests" name="runScenario" time="0.244">
    <failure type="java.lang.RuntimeException" message="browser not specified in the testng.xml">
      <![CDATA[java.lang.RuntimeException: browser not specified in the testng.xml
at utilities.ConfigReader.getBrowserType(ConfigReader.java:43)
at hooks.Hooks.setUp(Hooks.java:19)
]]>
    </failure>
  </testcase> <!-- runScenario -->
  <testcase classname="io.cucumber.testng.AbstractTestNGCucumberTests" name="runScenario" time="0.255">
    <failure type="java.lang.RuntimeException" message="browser not specified in the testng.xml">
      <![CDATA[java.lang.RuntimeException: browser not specified in the testng.xml
at utilities.ConfigReader.getBrowserType(ConfigReader.java:43)
at hooks.Hooks.setUp(Hooks.java:19)
]]>
    </failure>
  </testcase> <!-- runScenario -->
</testsuite> <!-- FirefoxTest -->
