<?xml version="1.0" encoding="UTF-8"?>
<!-- Generated by org.testng.reporters.JUnitXMLReporter -->
<testsuite ignored="0" hostname="AAPUs-MacBook-Air.local" failures="10" tests="10" name="SafariTest" time="0.878" errors="0" timestamp="2025-10-02T13:32:02 EDT">
  <testcase classname="io.cucumber.testng.AbstractTestNGCucumberTests" name="runScenario" time="0.239">
    <failure type="java.lang.RuntimeException" message="browser not specified in the testng.xml">
      <![CDATA[java.lang.RuntimeException: browser not specified in the testng.xml
at utilities.ConfigReader.getBrowserType(ConfigReader.java:43)
at hooks.Hooks.setUp(Hooks.java:19)
]]>
    </failure>
  </testcase> <!-- runScenario -->
  <testcase classname="io.cucumber.testng.AbstractTestNGCucumberTests" name="runScenario" time="0.237">
    <failure type="java.lang.RuntimeException" message="browser not specified in the testng.xml">
      <![CDATA[java.lang.RuntimeException: browser not specified in the testng.xml
at utilities.ConfigReader.getBrowserType(ConfigReader.java:43)
at hooks.Hooks.setUp(Hooks.java:19)
]]>
    </failure>
  </testcase> <!-- runScenario -->
  <testcase classname="io.cucumber.testng.AbstractTestNGCucumberTests" name="runScenario" time="0.235">
    <failure type="java.lang.RuntimeException" message="browser not specified in the testng.xml">
      <![CDATA[java.lang.RuntimeException: browser not specified in the testng.xml
at utilities.ConfigReader.getBrowserType(ConfigReader.java:43)
at hooks.Hooks.setUp(Hooks.java:19)
]]>
    </failure>
  </testcase> <!-- runScenario -->
  <testcase classname="io.cucumber.testng.AbstractTestNGCucumberTests" name="runScenario" time="0.231">
    <failure type="java.lang.RuntimeException" message="browser not specified in the testng.xml">
      <![CDATA[java.lang.RuntimeException: browser not specified in the testng.xml
at utilities.ConfigReader.getBrowserType(ConfigReader.java:43)
at hooks.Hooks.setUp(Hooks.java:19)
]]>
    </failure>
  </testcase> <!-- runScenario -->
  <testcase classname="io.cucumber.testng.AbstractTestNGCucumberTests" name="runScenario" time="0.238">
    <failure type="java.lang.RuntimeException" message="browser not specified in the testng.xml">
      <![CDATA[java.lang.RuntimeException: browser not specified in the testng.xml
at utilities.ConfigReader.getBrowserType(ConfigReader.java:43)
at hooks.Hooks.setUp(Hooks.java:19)
]]>
    </failure>
  </testcase> <!-- runScenario -->
  <testcase classname="io.cucumber.testng.AbstractTestNGCucumberTests" name="runScenario" time="0.235">
    <failure type="java.lang.RuntimeException" message="browser not specified in the testng.xml">
      <![CDATA[java.lang.RuntimeException: browser not specified in the testng.xml
at utilities.ConfigReader.getBrowserType(ConfigReader.java:43)
at hooks.Hooks.setUp(Hooks.java:19)
]]>
    </failure>
  </testcase> <!-- runScenario -->
  <testcase classname="io.cucumber.testng.AbstractTestNGCucumberTests" name="runScenario" time="0.245">
    <failure type="java.lang.RuntimeException" message="browser not specified in the testng.xml">
      <![CDATA[java.lang.RuntimeException: browser not specified in the testng.xml
at utilities.ConfigReader.getBrowserType(ConfigReader.java:43)
at hooks.Hooks.setUp(Hooks.java:19)
]]>
    </failure>
  </testcase> <!-- runScenario -->
  <testcase classname="io.cucumber.testng.AbstractTestNGCucumberTests" name="runScenario" time="0.253">
    <failure type="java.lang.RuntimeException" message="browser not specified in the testng.xml">
      <![CDATA[java.lang.RuntimeException: browser not specified in the testng.xml
at utilities.ConfigReader.getBrowserType(ConfigReader.java:43)
at hooks.Hooks.setUp(Hooks.java:19)
]]>
    </failure>
  </testcase> <!-- runScenario -->
  <testcase classname="io.cucumber.testng.AbstractTestNGCucumberTests" name="runScenario" time="0.256">
    <failure type="java.lang.RuntimeException" message="browser not specified in the testng.xml">
      <![CDATA[java.lang.RuntimeException: browser not specified in the testng.xml
at utilities.ConfigReader.getBrowserType(ConfigReader.java:43)
at hooks.Hooks.setUp(Hooks.java:19)
]]>
    </failure>
  </testcase> <!-- runScenario -->
  <testcase classname="io.cucumber.testng.AbstractTestNGCucumberTests" name="runScenario" time="0.259">
    <failure type="java.lang.RuntimeException" message="browser not specified in the testng.xml">
      <![CDATA[java.lang.RuntimeException: browser not specified in the testng.xml
at utilities.ConfigReader.getBrowserType(ConfigReader.java:43)
at hooks.Hooks.setUp(Hooks.java:19)
]]>
    </failure>
  </testcase> <!-- runScenario -->
</testsuite> <!-- SafariTest -->
